2020-08-03 14:35:41 [scrapy.core.scraper] ERROR: Spider error processing <GET https://www.baidu.com/> (referer: None)
Traceback (most recent call last):
  File "E:\anconda\lib\site-packages\scrapy\utils\defer.py", line 102, in iter_errback
    yield next(it)
  File "E:\anconda\lib\site-packages\scrapy\spidermiddlewares\offsite.py", line 29, in process_spider_output
    for x in result:
  File "E:\anconda\lib\site-packages\scrapy\spidermiddlewares\referer.py", line 339, in <genexpr>
    return (_set_referer(r) for r in result or ())
  File "E:\anconda\lib\site-packages\scrapy\spidermiddlewares\urllength.py", line 37, in <genexpr>
    return (r for r in result or () if _filter(r))
  File "E:\anconda\lib\site-packages\scrapy\spidermiddlewares\depth.py", line 58, in <genexpr>
    return (r for r in result or () if _filter(r))
  File "e:\MyCode\hot_recommend\hot_rank\spiders\baidu.py", line 45, in parse
    yield item
TypeError: 'NoneType' object does not support item assignment
2020-08-03 14:37:52 [scrapy.core.scraper] ERROR: Spider error processing <GET https://www.baidu.com/> (referer: None)
Traceback (most recent call last):
  File "E:\anconda\lib\site-packages\scrapy\utils\defer.py", line 102, in iter_errback
    yield next(it)
  File "E:\anconda\lib\site-packages\scrapy\spidermiddlewares\offsite.py", line 29, in process_spider_output
    for x in result:
  File "E:\anconda\lib\site-packages\scrapy\spidermiddlewares\referer.py", line 339, in <genexpr>
    return (_set_referer(r) for r in result or ())
  File "E:\anconda\lib\site-packages\scrapy\spidermiddlewares\urllength.py", line 37, in <genexpr>
    return (r for r in result or () if _filter(r))
  File "E:\anconda\lib\site-packages\scrapy\spidermiddlewares\depth.py", line 58, in <genexpr>
    return (r for r in result or () if _filter(r))
  File "e:\MyCode\hot_recommend\hot_rank\spiders\baidu.py", line 45, in parse
    yield item
TypeError: 'NoneType' object does not support item assignment
2020-08-03 14:41:31 [scrapy.core.scraper] ERROR: Spider error processing <GET https://www.baidu.com/> (referer: None)
Traceback (most recent call last):
  File "E:\anconda\lib\site-packages\scrapy\utils\defer.py", line 102, in iter_errback
    yield next(it)
  File "E:\anconda\lib\site-packages\scrapy\spidermiddlewares\offsite.py", line 29, in process_spider_output
    for x in result:
  File "E:\anconda\lib\site-packages\scrapy\spidermiddlewares\referer.py", line 339, in <genexpr>
    return (_set_referer(r) for r in result or ())
  File "E:\anconda\lib\site-packages\scrapy\spidermiddlewares\urllength.py", line 37, in <genexpr>
    return (r for r in result or () if _filter(r))
  File "E:\anconda\lib\site-packages\scrapy\spidermiddlewares\depth.py", line 58, in <genexpr>
    return (r for r in result or () if _filter(r))
  File "e:\MyCode\hot_recommend\hot_rank\spiders\baidu.py", line 33, in parse
    data = json.loads(hotsearch_data)
  File "E:\anconda\lib\json\__init__.py", line 348, in loads
    return _default_decoder.decode(s)
  File "E:\anconda\lib\json\decoder.py", line 337, in decode
    obj, end = self.raw_decode(s, idx=_w(s, 0).end())
  File "E:\anconda\lib\json\decoder.py", line 355, in raw_decode
    raise JSONDecodeError("Expecting value", s, err.value) from None
json.decoder.JSONDecodeError: Expecting value: line 1 column 1 (char 0)
